C:\USERS\NANA\DESKTOP\CPSC 427\PROJECT6_NKA\PROJECT6\DEBUG\PROJECT6.PCH
C:\USERS\NANA\DESKTOP\CPSC 427\PROJECT6_NKA\PROJECT6\DEBUG\STDAFX.OBJ
C:\USERS\NANA\DESKTOP\CPSC 427\PROJECT6_NKA\PROJECT6\DEBUG\VC110.PDB
C:\USERS\NANA\DESKTOP\CPSC 427\PROJECT6_NKA\PROJECT6\DEBUG\THREAD_JOIN.OBJ
C:\USERS\NANA\DESKTOP\CPSC 427\PROJECT6_NKA\PROJECT6\DEBUG\PROJECT6.ILK
C:\USERS\NANA\DESKTOP\CPSC 427\PROJECT6_NKA\PROJECT6\DEBUG\PROJECT6.EXE
C:\USERS\NANA\DESKTOP\CPSC 427\PROJECT6_NKA\PROJECT6\DEBUG\PROJECT6.PDB
C:\Users\Nana\Desktop\CPSC 427\Project6_NKA\Project6\Debug\stdafx.obj
C:\Users\Nana\Desktop\CPSC 427\Project6_NKA\Project6\Debug\Thread_Join.obj
C:\Users\Nana\Desktop\CPSC 427\Project6_NKA\Project6\Debug\Project6.ilk
C:\Users\Nana\Desktop\CPSC 427\Project6_NKA\Project6\Debug\cl.command.1.tlog
C:\Users\Nana\Desktop\CPSC 427\Project6_NKA\Project6\Debug\CL.read.1.tlog
C:\Users\Nana\Desktop\CPSC 427\Project6_NKA\Project6\Debug\CL.write.1.tlog
C:\Users\Nana\Desktop\CPSC 427\Project6_NKA\Project6\Debug\link-cvtres.read.1.tlog
C:\Users\Nana\Desktop\CPSC 427\Project6_NKA\Project6\Debug\link-cvtres.write.1.tlog
C:\Users\Nana\Desktop\CPSC 427\Project6_NKA\Project6\Debug\link-rc.read.1.tlog
C:\Users\Nana\Desktop\CPSC 427\Project6_NKA\Project6\Debug\link-rc.write.1.tlog
C:\Users\Nana\Desktop\CPSC 427\Project6_NKA\Project6\Debug\link.command.1.tlog
C:\Users\Nana\Desktop\CPSC 427\Project6_NKA\Project6\Debug\link.read.1.tlog
C:\Users\Nana\Desktop\CPSC 427\Project6_NKA\Project6\Debug\link.write.1.tlog
C:\Users\Nana\Desktop\CPSC 427\Project6_NKA\Project6\Debug\Project6.pch
C:\Users\Nana\Desktop\CPSC 427\Project6_NKA\Project6\Debug\vc110.idb
C:\Users\Nana\Desktop\CPSC 427\Project6_NKA\Project6\Debug\Project6.pdb
C:\Users\Nana\Desktop\CPSC 427\Project6_NKA\Project6\Debug\vc110.pdb
C:\Users\Nana\Desktop\CPSC 427\Project6_NKA\Project6\Debug\Project6.exe
